<?xml version="1.0" encoding="UTF-8"?>
<testng-results total="1" passed="1" failed="0" skipped="0">
  <reporter-output>
  </reporter-output>
  <suite started-at="2019-07-13T19:32:30Z" name="Suite" finished-at="2019-07-13T19:32:34Z" duration-ms="3504">
    <groups>
    </groups>
    <test started-at="2019-07-13T19:32:30Z" name="Test" finished-at="2019-07-13T19:32:34Z" duration-ms="3504">
      <class name="TestFramework.excelDriven">
        <test-method signature="addBook()" started-at="2019-07-13T19:32:30Z" name="addBook" finished-at="2019-07-13T19:32:34Z" duration-ms="3494" status="PASS">
        </test-method>
      </class>
    </test>
  </suite>
</testng-results>
